[debug] [2026-01-18T17:28:28.702Z] [Firebase Plugin] Activating Firebase extension.
[debug] [2026-01-18T17:28:29.331Z] [Firebase Plugin] requireAuthWrapper
[debug] [2026-01-18T17:28:29.332Z] > command requires scopes: ["email","openid","https://www.googleapis.com/auth/cloudplatformprojects.readonly","https://www.googleapis.com/auth/firebase","https://www.googleapis.com/auth/cloud-platform"]
[debug] [2026-01-18T17:28:29.352Z] [Firebase Plugin] VSCode notification server listening on port 40001
[error] [Firebase Plugin] requireAuth error: Could not load the default credentials. Browse to https://cloud.google.com/docs/authentication/getting-started for more information.
[info] [Firebase Plugin] Starting Data Connect toolkit (version 3.0.2) on port 50001
[info] i  dataconnect: downloading dataconnect-emulator-3.0.2.exe... {"metadata":{"emulator":{"name":"dataconnect"},"message":"downloading dataconnect-emulator-3.0.2.exe..."}}
[debug] [2026-01-18T17:28:29.590Z] >>> [apiv2][query] GET https://storage.googleapis.com/firemat-preview-drop/emulator/dataconnect-emulator-windows-amd64-v3.0.2 
[debug] [2026-01-18T17:28:30.224Z] <<< [apiv2][status] GET https://storage.googleapis.com/firemat-preview-drop/emulator/dataconnect-emulator-windows-amd64-v3.0.2 200
[debug] [2026-01-18T17:28:30.225Z] <<< [apiv2][body] GET https://storage.googleapis.com/firemat-preview-drop/emulator/dataconnect-emulator-windows-amd64-v3.0.2 [stream]
[debug] [2026-01-18T17:28:34.823Z] I0118 21:28:34.796283    3396 control.go:100] [/emulator/red-harissa 596c] UpdateResources(): done
Main schema: sources: schema\schema.gql [2044B] 
Connector "example": sources: example\queries.gql [1879B] example\mutations.gql [1276B] 
 {"metadata":{"emulator":{"name":"dataconnect"},"message":"I0118 21:28:34.796283    3396 control.go:100] [/emulator/red-harissa 596c] UpdateResources(): done\nMain schema: sources: schema\\schema.gql [2044B] \nConnector \"example\": sources: example\\queries.gql [1879B] example\\mutations.gql [1276B] \n"}}
[debug] [2026-01-18T17:28:34.824Z] Ignoring unsupported arg: auto_download {"metadata":{"emulator":{"name":"dataconnect"},"message":"Ignoring unsupported arg: auto_download"}}
[debug] [2026-01-18T17:28:34.824Z] Ignoring unsupported arg: port {"metadata":{"emulator":{"name":"dataconnect"},"message":"Ignoring unsupported arg: port"}}
[debug] [2026-01-18T17:28:34.825Z] Starting Data Connect Emulator with command {"binary":"C:\\Users\\walid\\.cache\\firebase\\emulators\\dataconnect-emulator-3.0.2.exe","args":["--logtostderr","-v=2","dev","--listen=localhost:50001","--config_dir=d:\\Rayan\\Red-harissa\\dataconnect","--enable_output_schema_extensions=true","--enable_output_generated_sdk=true"],"optionalArgs":["listen","config_dir","enable_output_schema_extensions","enable_output_generated_sdk"],"joinArgs":true,"shell":false,"port":9399} {"metadata":{"emulator":{"name":"dataconnect"},"message":"Starting Data Connect Emulator with command {\"binary\":\"C:\\\\Users\\\\walid\\\\.cache\\\\firebase\\\\emulators\\\\dataconnect-emulator-3.0.2.exe\",\"args\":[\"--logtostderr\",\"-v=2\",\"dev\",\"--listen=localhost:50001\",\"--config_dir=d:\\\\Rayan\\\\Red-harissa\\\\dataconnect\",\"--enable_output_schema_extensions=true\",\"--enable_output_generated_sdk=true\"],\"optionalArgs\":[\"listen\",\"config_dir\",\"enable_output_schema_extensions\",\"enable_output_generated_sdk\"],\"joinArgs\":true,\"shell\":false,\"port\":9399}"}}
[info] i  dataconnect: Data Connect Emulator logging to dataconnect-debug.log {"metadata":{"emulator":{"name":"dataconnect"},"message":"Data Connect Emulator logging to \u001b[1mdataconnect-debug.log\u001b[22m"}}
[debug] [2026-01-18T17:28:34.865Z] I0118 21:28:34.862041   20676 load.go:31] Reloading schema and connectors...
 {"metadata":{"emulator":{"name":"dataconnect"},"message":"I0118 21:28:34.862041   20676 load.go:31] Reloading schema and connectors...\n"}}
[debug] [2026-01-18T17:28:34.900Z] I0118 21:28:34.899715   20676 control.go:100] [/emulator/red-harissa 66a1] UpdateResources(): done
Main schema: sources: schema\schema.gql [2044B] 
Connector "example": sources: example\mutations.gql [1276B] example\queries.gql [1879B] 
 {"metadata":{"emulator":{"name":"dataconnect"},"message":"I0118 21:28:34.899715   20676 control.go:100] [/emulator/red-harissa 66a1] UpdateResources(): done\nMain schema: sources: schema\\schema.gql [2044B] \nConnector \"example\": sources: example\\mutations.gql [1276B] example\\queries.gql [1879B] \n"}}
[debug] [2026-01-18T17:28:34.936Z] I0118 21:28:34.935968   20676 collector.go:107] schema extensions wrote into "d:\\Rayan\\Red-harissa\\dataconnect\\.dataconnect\\schema"
Generated sources: prelude.gql [73281B] main\implicit.gql [1261B] main\input.gql [28173B] main\relation.gql [14318B] main\query.gql [5099B] main\mutation.gql [13679B] 
I0118 21:28:34.935968   20676 load.go:109] Finished reloading
 {"metadata":{"emulator":{"name":"dataconnect"},"message":"I0118 21:28:34.935968   20676 collector.go:107] schema extensions wrote into \"d:\\\\Rayan\\\\Red-harissa\\\\dataconnect\\\\.dataconnect\\\\schema\"\nGenerated sources: prelude.gql [73281B] main\\implicit.gql [1261B] main\\input.gql [28173B] main\\relation.gql [14318B] main\\query.gql [5099B] main\\mutation.gql [13679B] \nI0118 21:28:34.935968   20676 load.go:109] Finished reloading\n"}}
[debug] [2026-01-18T17:28:34.952Z] I0118 21:28:34.952728   20676 dev.go:104] Listening on address (HTTP + gRPC): 127.0.0.1:50001
 {"metadata":{"emulator":{"name":"dataconnect"},"message":"I0118 21:28:34.952728   20676 dev.go:104] Listening on address (HTTP + gRPC): 127.0.0.1:50001\n"}}
[debug] [2026-01-18T17:28:35.088Z] I0118 21:28:35.087833   20676 engine.go:178] [/emulator/red-harissa 66a1] ExecuteGraphqlRead IntrospectionQuery: succeeded. 
 {"metadata":{"emulator":{"name":"dataconnect"},"message":"I0118 21:28:35.087833   20676 engine.go:178] [/emulator/red-harissa 66a1] ExecuteGraphqlRead IntrospectionQuery: succeeded. \n"}}
[debug] [2026-01-18T20:04:47.364Z] [Firebase Plugin] Value of process.env.MONOSPACE_ENV: undefined
[debug] [2026-01-18T20:04:47.365Z] [Firebase Plugin] requireAuthWrapper
[debug] [2026-01-18T20:04:47.366Z] > command requires scopes: ["email","openid","https://www.googleapis.com/auth/cloudplatformprojects.readonly","https://www.googleapis.com/auth/firebase","https://www.googleapis.com/auth/cloud-platform"]
[error] [Firebase Plugin] requireAuth error: Could not load the default credentials. Browse to https://cloud.google.com/docs/authentication/getting-started for more information.
[debug] [2026-01-18T20:04:47.368Z] [Firebase Plugin] Value of process.env.MONOSPACE_ENV: undefined
[debug] [2026-01-18T20:04:47.368Z] [Firebase Plugin] requireAuthWrapper
[debug] [2026-01-18T20:04:47.369Z] > command requires scopes: ["email","openid","https://www.googleapis.com/auth/cloudplatformprojects.readonly","https://www.googleapis.com/auth/firebase","https://www.googleapis.com/auth/cloud-platform"]
[error] [Firebase Plugin] requireAuth error: Could not load the default credentials. Browse to https://cloud.google.com/docs/authentication/getting-started for more information.
[info] 
[info] Visit this URL on this device to log in:
[info] https://accounts.google.com/o/oauth2/auth?client_id=563584335869-fgrhgmd47bqnekij5i8b5pr03ho849e6.apps.googleusercontent.com&scope=email%20openid%20https%3A%2F%2Fwww.googleapis.com%2Fauth%2Fcloudplatformprojects.readonly%20https%3A%2F%2Fwww.googleapis.com%2Fauth%2Ffirebase%20https%3A%2F%2Fwww.googleapis.com%2Fauth%2Fcloud-platform&response_type=code&state=19860628&redirect_uri=http%3A%2F%2Flocalhost%3A9005
[info] 
[info] Waiting for authentication...
[debug] [2026-01-19T15:08:37.749Z] [Firebase Plugin] Activating Firebase extension.
[info] [Firebase Plugin] Unable to check firebase-tools installation: TypeError: fetch failed
[debug] [2026-01-19T15:08:49.441Z] [Firebase Plugin] requireAuthWrapper
[debug] [2026-01-19T15:08:49.443Z] > command requires scopes: ["email","openid","https://www.googleapis.com/auth/cloudplatformprojects.readonly","https://www.googleapis.com/auth/firebase","https://www.googleapis.com/auth/cloud-platform"]
[debug] [2026-01-19T15:08:49.512Z] [Firebase Plugin] VSCode notification server listening on port 40001
[error] [Firebase Plugin] requireAuth error: Could not load the default credentials. Browse to https://cloud.google.com/docs/authentication/getting-started for more information.
[info] [Firebase Plugin] Starting Data Connect toolkit (version 3.0.2) on port 50001
[debug] [2026-01-19T15:08:51.012Z] I0119 19:08:50.987580    9220 control.go:100] [/emulator/red-harissa b145] UpdateResources(): done
Main schema: sources: schema\schema.gql [2044B] 
Connector "example": sources: example\mutations.gql [1276B] example\queries.gql [1879B] 
 {"metadata":{"emulator":{"name":"dataconnect"},"message":"I0119 19:08:50.987580    9220 control.go:100] [/emulator/red-harissa b145] UpdateResources(): done\nMain schema: sources: schema\\schema.gql [2044B] \nConnector \"example\": sources: example\\mutations.gql [1276B] example\\queries.gql [1879B] \n"}}
[debug] [2026-01-19T15:08:51.013Z] Ignoring unsupported arg: auto_download {"metadata":{"emulator":{"name":"dataconnect"},"message":"Ignoring unsupported arg: auto_download"}}
[debug] [2026-01-19T15:08:51.013Z] Ignoring unsupported arg: port {"metadata":{"emulator":{"name":"dataconnect"},"message":"Ignoring unsupported arg: port"}}
[debug] [2026-01-19T15:08:51.013Z] Starting Data Connect Emulator with command {"binary":"C:\\Users\\walid\\.cache\\firebase\\emulators\\dataconnect-emulator-3.0.2.exe","args":["--logtostderr","-v=2","dev","--listen=localhost:50001","--config_dir=d:\\Rayan\\Red-harissa\\dataconnect","--enable_output_schema_extensions=true","--enable_output_generated_sdk=true"],"optionalArgs":["listen","config_dir","enable_output_schema_extensions","enable_output_generated_sdk"],"joinArgs":true,"shell":false,"port":9399} {"metadata":{"emulator":{"name":"dataconnect"},"message":"Starting Data Connect Emulator with command {\"binary\":\"C:\\\\Users\\\\walid\\\\.cache\\\\firebase\\\\emulators\\\\dataconnect-emulator-3.0.2.exe\",\"args\":[\"--logtostderr\",\"-v=2\",\"dev\",\"--listen=localhost:50001\",\"--config_dir=d:\\\\Rayan\\\\Red-harissa\\\\dataconnect\",\"--enable_output_schema_extensions=true\",\"--enable_output_generated_sdk=true\"],\"optionalArgs\":[\"listen\",\"config_dir\",\"enable_output_schema_extensions\",\"enable_output_generated_sdk\"],\"joinArgs\":true,\"shell\":false,\"port\":9399}"}}
[info] i  dataconnect: Data Connect Emulator logging to dataconnect-debug.log {"metadata":{"emulator":{"name":"dataconnect"},"message":"Data Connect Emulator logging to \u001b[1mdataconnect-debug.log\u001b[22m"}}
[debug] [2026-01-19T15:08:51.061Z] I0119 19:08:51.041435    6904 load.go:31] Reloading schema and connectors...
 {"metadata":{"emulator":{"name":"dataconnect"},"message":"I0119 19:08:51.041435    6904 load.go:31] Reloading schema and connectors...\n"}}
[debug] [2026-01-19T15:08:51.081Z] I0119 19:08:51.080832    6904 control.go:100] [/emulator/red-harissa fe58] UpdateResources(): done
Main schema: sources: schema\schema.gql [2044B] 
Connector "example": sources: example\mutations.gql [1276B] example\queries.gql [1879B] 
 {"metadata":{"emulator":{"name":"dataconnect"},"message":"I0119 19:08:51.080832    6904 control.go:100] [/emulator/red-harissa fe58] UpdateResources(): done\nMain schema: sources: schema\\schema.gql [2044B] \nConnector \"example\": sources: example\\mutations.gql [1276B] example\\queries.gql [1879B] \n"}}
[debug] [2026-01-19T15:08:51.121Z] I0119 19:08:51.121469    6904 collector.go:107] schema extensions wrote into "d:\\Rayan\\Red-harissa\\dataconnect\\.dataconnect\\schema"
Generated sources: prelude.gql [73281B] main\implicit.gql [1261B] main\input.gql [28173B] main\relation.gql [14318B] main\query.gql [5099B] main\mutation.gql [13679B] 
 {"metadata":{"emulator":{"name":"dataconnect"},"message":"I0119 19:08:51.121469    6904 collector.go:107] schema extensions wrote into \"d:\\\\Rayan\\\\Red-harissa\\\\dataconnect\\\\.dataconnect\\\\schema\"\nGenerated sources: prelude.gql [73281B] main\\implicit.gql [1261B] main\\input.gql [28173B] main\\relation.gql [14318B] main\\query.gql [5099B] main\\mutation.gql [13679B] \n"}}
[debug] [2026-01-19T15:08:51.122Z] I0119 19:08:51.121469    6904 load.go:109] Finished reloading
 {"metadata":{"emulator":{"name":"dataconnect"},"message":"I0119 19:08:51.121469    6904 load.go:109] Finished reloading\n"}}
[debug] [2026-01-19T15:08:51.156Z] I0119 19:08:51.156426    6904 dev.go:104] Listening on address (HTTP + gRPC): 127.0.0.1:50001
 {"metadata":{"emulator":{"name":"dataconnect"},"message":"I0119 19:08:51.156426    6904 dev.go:104] Listening on address (HTTP + gRPC): 127.0.0.1:50001\n"}}
[debug] [2026-01-19T15:08:52.230Z] I0119 19:08:52.230349    6904 engine.go:178] [/emulator/red-harissa fe58] ExecuteGraphqlRead IntrospectionQuery: succeeded. 
 {"metadata":{"emulator":{"name":"dataconnect"},"message":"I0119 19:08:52.230349    6904 engine.go:178] [/emulator/red-harissa fe58] ExecuteGraphqlRead IntrospectionQuery: succeeded. \n"}}
[debug] [2026-01-19T19:53:35.907Z] [Firebase Plugin] Activating Firebase extension.
[debug] [2026-01-19T19:53:37.421Z] [Firebase Plugin] requireAuthWrapper
[debug] [2026-01-19T19:53:37.423Z] > command requires scopes: ["email","openid","https://www.googleapis.com/auth/cloudplatformprojects.readonly","https://www.googleapis.com/auth/firebase","https://www.googleapis.com/auth/cloud-platform"]
[debug] [2026-01-19T19:53:37.448Z] [Firebase Plugin] VSCode notification server listening on port 40001
[error] [Firebase Plugin] requireAuth error: Could not load the default credentials. Browse to https://cloud.google.com/docs/authentication/getting-started for more information.
[info] [Firebase Plugin] Starting Data Connect toolkit (version 3.0.2) on port 50001
[debug] [2026-01-19T19:53:39.082Z] I0119 23:53:39.059309   21724 control.go:100] [/emulator/red-harissa ddb6] UpdateResources(): done
Main schema: sources: schema\schema.gql [2044B] 
Connector "example": sources: example\mutations.gql [1276B] example\queries.gql [1879B] 
 {"metadata":{"emulator":{"name":"dataconnect"},"message":"I0119 23:53:39.059309   21724 control.go:100] [/emulator/red-harissa ddb6] UpdateResources(): done\nMain schema: sources: schema\\schema.gql [2044B] \nConnector \"example\": sources: example\\mutations.gql [1276B] example\\queries.gql [1879B] \n"}}
[debug] [2026-01-19T19:53:39.083Z] Ignoring unsupported arg: auto_download {"metadata":{"emulator":{"name":"dataconnect"},"message":"Ignoring unsupported arg: auto_download"}}
[debug] [2026-01-19T19:53:39.083Z] Ignoring unsupported arg: port {"metadata":{"emulator":{"name":"dataconnect"},"message":"Ignoring unsupported arg: port"}}
[debug] [2026-01-19T19:53:39.083Z] Starting Data Connect Emulator with command {"binary":"C:\\Users\\walid\\.cache\\firebase\\emulators\\dataconnect-emulator-3.0.2.exe","args":["--logtostderr","-v=2","dev","--listen=localhost:50001","--config_dir=d:\\Rayan\\Red-harissa\\dataconnect","--enable_output_schema_extensions=true","--enable_output_generated_sdk=true"],"optionalArgs":["listen","config_dir","enable_output_schema_extensions","enable_output_generated_sdk"],"joinArgs":true,"shell":false,"port":9399} {"metadata":{"emulator":{"name":"dataconnect"},"message":"Starting Data Connect Emulator with command {\"binary\":\"C:\\\\Users\\\\walid\\\\.cache\\\\firebase\\\\emulators\\\\dataconnect-emulator-3.0.2.exe\",\"args\":[\"--logtostderr\",\"-v=2\",\"dev\",\"--listen=localhost:50001\",\"--config_dir=d:\\\\Rayan\\\\Red-harissa\\\\dataconnect\",\"--enable_output_schema_extensions=true\",\"--enable_output_generated_sdk=true\"],\"optionalArgs\":[\"listen\",\"config_dir\",\"enable_output_schema_extensions\",\"enable_output_generated_sdk\"],\"joinArgs\":true,\"shell\":false,\"port\":9399}"}}
[info] i  dataconnect: Data Connect Emulator logging to dataconnect-debug.log {"metadata":{"emulator":{"name":"dataconnect"},"message":"Data Connect Emulator logging to \u001b[1mdataconnect-debug.log\u001b[22m"}}
[debug] [2026-01-19T19:53:39.139Z] I0119 23:53:39.110617   16996 load.go:31] Reloading schema and connectors...
 {"metadata":{"emulator":{"name":"dataconnect"},"message":"I0119 23:53:39.110617   16996 load.go:31] Reloading schema and connectors...\n"}}
[debug] [2026-01-19T19:53:39.196Z] I0119 23:53:39.145588   16996 control.go:100] [/emulator/red-harissa 9d64] UpdateResources(): done
Main schema: sources: schema\schema.gql [2044B] 
Connector "example": sources: example\mutations.gql [1276B] example\queries.gql [1879B] 
I0119 23:53:39.180007   16996 collector.go:107] schema extensions wrote into "d:\\Rayan\\Red-harissa\\dataconnect\\.dataconnect\\schema"
Generated sources: prelude.gql [73281B] main\mutation.gql [13679B] main\implicit.gql [1261B] main\input.gql [28173B] main\relation.gql [14318B] main\query.gql [5099B] 
I0119 23:53:39.180007   16996 load.go:109] Finished reloading
 {"metadata":{"emulator":{"name":"dataconnect"},"message":"I0119 23:53:39.145588   16996 control.go:100] [/emulator/red-harissa 9d64] UpdateResources(): done\nMain schema: sources: schema\\schema.gql [2044B] \nConnector \"example\": sources: example\\mutations.gql [1276B] example\\queries.gql [1879B] \nI0119 23:53:39.180007   16996 collector.go:107] schema extensions wrote into \"d:\\\\Rayan\\\\Red-harissa\\\\dataconnect\\\\.dataconnect\\\\schema\"\nGenerated sources: prelude.gql [73281B] main\\mutation.gql [13679B] main\\implicit.gql [1261B] main\\input.gql [28173B] main\\relation.gql [14318B] main\\query.gql [5099B] \nI0119 23:53:39.180007   16996 load.go:109] Finished reloading\n"}}
[debug] [2026-01-19T19:53:39.241Z] I0119 23:53:39.200837   16996 dev.go:104] Listening on address (HTTP + gRPC): 127.0.0.1:50001
 {"metadata":{"emulator":{"name":"dataconnect"},"message":"I0119 23:53:39.200837   16996 dev.go:104] Listening on address (HTTP + gRPC): 127.0.0.1:50001\n"}}
[debug] [2026-01-19T19:53:39.787Z] I0119 23:53:39.784669   16996 engine.go:178] [/emulator/red-harissa 9d64] ExecuteGraphqlRead IntrospectionQuery: succeeded. 
 {"metadata":{"emulator":{"name":"dataconnect"},"message":"I0119 23:53:39.784669   16996 engine.go:178] [/emulator/red-harissa 9d64] ExecuteGraphqlRead IntrospectionQuery: succeeded. \n"}}
[debug] [2026-01-22T05:18:53.681Z] [Firebase Plugin] Activating Firebase extension.
[debug] [2026-01-22T05:18:55.885Z] [Firebase Plugin] requireAuthWrapper
[debug] [2026-01-22T05:18:55.886Z] > command requires scopes: ["email","openid","https://www.googleapis.com/auth/cloudplatformprojects.readonly","https://www.googleapis.com/auth/firebase","https://www.googleapis.com/auth/cloud-platform"]
[debug] [2026-01-22T05:18:55.886Z] > authorizing via signed-in user (rayendouagi3@gmail.com)
[debug] [2026-01-22T05:18:55.888Z] Checked if tokens are valid: true, expires at: 1769062724204
[debug] [2026-01-22T05:18:55.888Z] Checked if tokens are valid: true, expires at: 1769062724204
[debug] [2026-01-22T05:18:55.888Z] [Firebase Plugin] User found:  rayendouagi3@gmail.com
[info] [Firebase Plugin] (Core:Project) New user detected, fetching projects
[debug] [2026-01-22T05:18:55.889Z] Checked if tokens are valid: true, expires at: 1769062724204
[debug] [2026-01-22T05:18:55.889Z] >>> [apiv2][query] GET https://firebase.googleapis.com/v1beta1/projects pageSize=1000
[debug] [2026-01-22T05:18:55.895Z] [Firebase Plugin] VSCode notification server listening on port 40001
[info] [Firebase Plugin] Starting Data Connect toolkit (version 3.0.2) on port 50001
[debug] [2026-01-22T05:18:57.621Z] I0122 09:18:57.609843   92519 control.go:100] [/emulator/red-harissa 5c27] UpdateResources(): done
Main schema: sources: schema/schema.gql [1992B] 
Connector "example": sources: example/mutations.gql [1243B] example/queries.gql [1801B] 
 {"metadata":{"emulator":{"name":"dataconnect"},"message":"I0122 09:18:57.609843   92519 control.go:100] [/emulator/red-harissa 5c27] UpdateResources(): done\nMain schema: sources: schema/schema.gql [1992B] \nConnector \"example\": sources: example/mutations.gql [1243B] example/queries.gql [1801B] \n"}}
[debug] [2026-01-22T05:18:57.622Z] Ignoring unsupported arg: auto_download {"metadata":{"emulator":{"name":"dataconnect"},"message":"Ignoring unsupported arg: auto_download"}}
[debug] [2026-01-22T05:18:57.622Z] Ignoring unsupported arg: port {"metadata":{"emulator":{"name":"dataconnect"},"message":"Ignoring unsupported arg: port"}}
[debug] [2026-01-22T05:18:57.622Z] Starting Data Connect Emulator with command {"binary":"/Users/rayandouagi/.cache/firebase/emulators/dataconnect-emulator-3.0.2","args":["--logtostderr","-v=2","dev","--listen=localhost:50001","--config_dir=/Users/rayandouagi/Documents/RedHarissaFinal/dataconnect","--enable_output_schema_extensions=true","--enable_output_generated_sdk=true"],"optionalArgs":["listen","config_dir","enable_output_schema_extensions","enable_output_generated_sdk"],"joinArgs":true,"shell":false,"port":9399} {"metadata":{"emulator":{"name":"dataconnect"},"message":"Starting Data Connect Emulator with command {\"binary\":\"/Users/rayandouagi/.cache/firebase/emulators/dataconnect-emulator-3.0.2\",\"args\":[\"--logtostderr\",\"-v=2\",\"dev\",\"--listen=localhost:50001\",\"--config_dir=/Users/rayandouagi/Documents/RedHarissaFinal/dataconnect\",\"--enable_output_schema_extensions=true\",\"--enable_output_generated_sdk=true\"],\"optionalArgs\":[\"listen\",\"config_dir\",\"enable_output_schema_extensions\",\"enable_output_generated_sdk\"],\"joinArgs\":true,\"shell\":false,\"port\":9399}"}}
[info] i  dataconnect: Data Connect Emulator logging to dataconnect-debug.log {"metadata":{"emulator":{"name":"dataconnect"},"message":"Data Connect Emulator logging to dataconnect-debug.log"}}
[debug] [2026-01-22T05:18:57.732Z] I0122 09:18:57.635689   92523 load.go:31] Reloading schema and connectors...
I0122 09:18:57.657718   92523 control.go:100] [/emulator/red-harissa e6dc] UpdateResources(): done
Main schema: sources: schema/schema.gql [1992B] 
Connector "example": sources: example/mutations.gql [1243B] example/queries.gql [1801B] 
I0122 09:18:57.677216   92523 collector.go:107] schema extensions wrote into "/Users/rayandouagi/Documents/RedHarissaFinal/dataconnect/.dataconnect/schema"
Generated sources: prelude.gql [73281B] main/implicit.gql [1261B] main/input.gql [28173B] main/relation.gql [14318B] main/query.gql [5099B] main/mutation.gql [13679B] 
I0122 09:18:57.678311   92523 load.go:109] Finished reloading
I0122 09:18:57.681247   92523 dev.go:104] Listening on address (HTTP + gRPC): 127.0.0.1:50001
 {"metadata":{"emulator":{"name":"dataconnect"},"message":"I0122 09:18:57.635689   92523 load.go:31] Reloading schema and connectors...\nI0122 09:18:57.657718   92523 control.go:100] [/emulator/red-harissa e6dc] UpdateResources(): done\nMain schema: sources: schema/schema.gql [1992B] \nConnector \"example\": sources: example/mutations.gql [1243B] example/queries.gql [1801B] \nI0122 09:18:57.677216   92523 collector.go:107] schema extensions wrote into \"/Users/rayandouagi/Documents/RedHarissaFinal/dataconnect/.dataconnect/schema\"\nGenerated sources: prelude.gql [73281B] main/implicit.gql [1261B] main/input.gql [28173B] main/relation.gql [14318B] main/query.gql [5099B] main/mutation.gql [13679B] \nI0122 09:18:57.678311   92523 load.go:109] Finished reloading\nI0122 09:18:57.681247   92523 dev.go:104] Listening on address (HTTP + gRPC): 127.0.0.1:50001\n"}}
[debug] [2026-01-22T05:18:58.174Z] I0122 09:18:58.166506   92523 engine.go:178] [/emulator/red-harissa e6dc] ExecuteGraphqlRead IntrospectionQuery: succeeded. 
 {"metadata":{"emulator":{"name":"dataconnect"},"message":"I0122 09:18:58.166506   92523 engine.go:178] [/emulator/red-harissa e6dc] ExecuteGraphqlRead IntrospectionQuery: succeeded. \n"}}
[debug] [2026-01-22T05:18:58.260Z] <<< [apiv2][status] GET https://firebase.googleapis.com/v1beta1/projects 200
[debug] [2026-01-22T05:18:58.260Z] <<< [apiv2][body] GET https://firebase.googleapis.com/v1beta1/projects [omitted]
[info] [Firebase Plugin] Stopping Data Connect toolkit
[warn] ⚠  Data Connect Emulator has exited upon receiving signal: SIGINT 
[debug] [2026-01-22T05:19:20.289Z] [Firebase Plugin] Activating Firebase extension.
[debug] [2026-01-22T05:19:22.204Z] [Firebase Plugin] requireAuthWrapper
[debug] [2026-01-22T05:19:22.204Z] > command requires scopes: ["email","openid","https://www.googleapis.com/auth/cloudplatformprojects.readonly","https://www.googleapis.com/auth/firebase","https://www.googleapis.com/auth/cloud-platform"]
[debug] [2026-01-22T05:19:22.204Z] > authorizing via signed-in user (rayendouagi3@gmail.com)
[debug] [2026-01-22T05:19:22.206Z] Checked if tokens are valid: true, expires at: 1769062724204
[debug] [2026-01-22T05:19:22.206Z] Checked if tokens are valid: true, expires at: 1769062724204
[debug] [2026-01-22T05:19:22.206Z] [Firebase Plugin] User found:  rayendouagi3@gmail.com
[info] [Firebase Plugin] (Core:Project) New user detected, fetching projects
[debug] [2026-01-22T05:19:22.206Z] Checked if tokens are valid: true, expires at: 1769062724204
[debug] [2026-01-22T05:19:22.207Z] >>> [apiv2][query] GET https://firebase.googleapis.com/v1beta1/projects pageSize=1000
[debug] [2026-01-22T05:19:22.211Z] [Firebase Plugin] VSCode notification server listening on port 40001
[info] [Firebase Plugin] Starting Data Connect toolkit (version 3.0.2) on port 50001
[debug] [2026-01-22T05:19:23.884Z] I0122 09:19:23.872758   92776 control.go:100] [/emulator/red-harissa 55d7] UpdateResources(): done
Main schema: sources: schema/schema.gql [1992B] 
Connector "example": sources: example/mutations.gql [1243B] example/queries.gql [1801B] 
 {"metadata":{"emulator":{"name":"dataconnect"},"message":"I0122 09:19:23.872758   92776 control.go:100] [/emulator/red-harissa 55d7] UpdateResources(): done\nMain schema: sources: schema/schema.gql [1992B] \nConnector \"example\": sources: example/mutations.gql [1243B] example/queries.gql [1801B] \n"}}
[debug] [2026-01-22T05:19:23.884Z] Ignoring unsupported arg: auto_download {"metadata":{"emulator":{"name":"dataconnect"},"message":"Ignoring unsupported arg: auto_download"}}
[debug] [2026-01-22T05:19:23.884Z] Ignoring unsupported arg: port {"metadata":{"emulator":{"name":"dataconnect"},"message":"Ignoring unsupported arg: port"}}
[debug] [2026-01-22T05:19:23.884Z] Starting Data Connect Emulator with command {"binary":"/Users/rayandouagi/.cache/firebase/emulators/dataconnect-emulator-3.0.2","args":["--logtostderr","-v=2","dev","--listen=localhost:50001","--config_dir=/Users/rayandouagi/Documents/RedHarissaFinal/dataconnect","--enable_output_schema_extensions=true","--enable_output_generated_sdk=true"],"optionalArgs":["listen","config_dir","enable_output_schema_extensions","enable_output_generated_sdk"],"joinArgs":true,"shell":false,"port":9399} {"metadata":{"emulator":{"name":"dataconnect"},"message":"Starting Data Connect Emulator with command {\"binary\":\"/Users/rayandouagi/.cache/firebase/emulators/dataconnect-emulator-3.0.2\",\"args\":[\"--logtostderr\",\"-v=2\",\"dev\",\"--listen=localhost:50001\",\"--config_dir=/Users/rayandouagi/Documents/RedHarissaFinal/dataconnect\",\"--enable_output_schema_extensions=true\",\"--enable_output_generated_sdk=true\"],\"optionalArgs\":[\"listen\",\"config_dir\",\"enable_output_schema_extensions\",\"enable_output_generated_sdk\"],\"joinArgs\":true,\"shell\":false,\"port\":9399}"}}
[info] i  dataconnect: Data Connect Emulator logging to dataconnect-debug.log {"metadata":{"emulator":{"name":"dataconnect"},"message":"Data Connect Emulator logging to dataconnect-debug.log"}}
[debug] [2026-01-22T05:19:23.931Z] I0122 09:19:23.896564   92778 load.go:31] Reloading schema and connectors...
I0122 09:19:23.917756   92778 control.go:100] [/emulator/red-harissa 36d9] UpdateResources(): done
Main schema: sources: schema/schema.gql [1992B] 
Connector "example": sources: example/mutations.gql [1243B] example/queries.gql [1801B] 
 {"metadata":{"emulator":{"name":"dataconnect"},"message":"I0122 09:19:23.896564   92778 load.go:31] Reloading schema and connectors...\nI0122 09:19:23.917756   92778 control.go:100] [/emulator/red-harissa 36d9] UpdateResources(): done\nMain schema: sources: schema/schema.gql [1992B] \nConnector \"example\": sources: example/mutations.gql [1243B] example/queries.gql [1801B] \n"}}
[debug] [2026-01-22T05:19:23.942Z] I0122 09:19:23.940366   92778 collector.go:107] schema extensions wrote into "/Users/rayandouagi/Documents/RedHarissaFinal/dataconnect/.dataconnect/schema"
Generated sources: main/implicit.gql [1261B] main/input.gql [28173B] prelude.gql [73281B] main/relation.gql [14318B] main/query.gql [5099B] main/mutation.gql [13679B] 
I0122 09:19:23.941064   92778 load.go:109] Finished reloading
 {"metadata":{"emulator":{"name":"dataconnect"},"message":"I0122 09:19:23.940366   92778 collector.go:107] schema extensions wrote into \"/Users/rayandouagi/Documents/RedHarissaFinal/dataconnect/.dataconnect/schema\"\nGenerated sources: main/implicit.gql [1261B] main/input.gql [28173B] prelude.gql [73281B] main/relation.gql [14318B] main/query.gql [5099B] main/mutation.gql [13679B] \nI0122 09:19:23.941064   92778 load.go:109] Finished reloading\n"}}
[debug] [2026-01-22T05:19:24.009Z] I0122 09:19:23.943910   92778 dev.go:104] Listening on address (HTTP + gRPC): 127.0.0.1:50001
 {"metadata":{"emulator":{"name":"dataconnect"},"message":"I0122 09:19:23.943910   92778 dev.go:104] Listening on address (HTTP + gRPC): 127.0.0.1:50001\n"}}
[debug] [2026-01-22T05:19:24.321Z] I0122 09:19:24.320782   92778 engine.go:178] [/emulator/red-harissa 36d9] ExecuteGraphqlRead IntrospectionQuery: succeeded. 
 {"metadata":{"emulator":{"name":"dataconnect"},"message":"I0122 09:19:24.320782   92778 engine.go:178] [/emulator/red-harissa 36d9] ExecuteGraphqlRead IntrospectionQuery: succeeded. \n"}}
[debug] [2026-01-22T05:19:24.421Z] <<< [apiv2][status] GET https://firebase.googleapis.com/v1beta1/projects 200
[debug] [2026-01-22T05:19:24.421Z] <<< [apiv2][body] GET https://firebase.googleapis.com/v1beta1/projects [omitted]
[info] [Firebase Plugin] Stopping Data Connect toolkit
[warn] ⚠  Data Connect Emulator has exited upon receiving signal: SIGINT 
[debug] [2026-01-22T09:16:24.214Z] [Firebase Plugin] Activating Firebase extension.
[debug] [2026-01-22T09:16:26.565Z] [Firebase Plugin] requireAuthWrapper
[debug] [2026-01-22T09:16:26.565Z] > command requires scopes: ["email","openid","https://www.googleapis.com/auth/cloudplatformprojects.readonly","https://www.googleapis.com/auth/firebase","https://www.googleapis.com/auth/cloud-platform"]
[debug] [2026-01-22T09:16:26.565Z] > authorizing via signed-in user (rayendouagi3@gmail.com)
[debug] [2026-01-22T09:16:26.567Z] Checked if tokens are valid: true, expires at: 1769076979033
[debug] [2026-01-22T09:16:26.567Z] Checked if tokens are valid: true, expires at: 1769076979033
[debug] [2026-01-22T09:16:26.567Z] [Firebase Plugin] User found:  rayendouagi3@gmail.com
[info] [Firebase Plugin] (Core:Project) New user detected, fetching projects
[debug] [2026-01-22T09:16:26.567Z] Checked if tokens are valid: true, expires at: 1769076979033
[debug] [2026-01-22T09:16:26.568Z] >>> [apiv2][query] GET https://firebase.googleapis.com/v1beta1/projects pageSize=1000
[debug] [2026-01-22T09:16:26.572Z] [Firebase Plugin] VSCode notification server listening on port 40001
[info] [Firebase Plugin] Starting Data Connect toolkit (version 3.0.2) on port 50001
[debug] [2026-01-22T09:16:28.378Z] I0122 13:16:28.365571   98999 control.go:100] [/emulator/red-harissa a521] UpdateResources(): done
Main schema: sources: schema/schema.gql [1992B] 
Connector "example": sources: example/mutations.gql [1243B] example/queries.gql [1801B] 
 {"metadata":{"emulator":{"name":"dataconnect"},"message":"I0122 13:16:28.365571   98999 control.go:100] [/emulator/red-harissa a521] UpdateResources(): done\nMain schema: sources: schema/schema.gql [1992B] \nConnector \"example\": sources: example/mutations.gql [1243B] example/queries.gql [1801B] \n"}}
[debug] [2026-01-22T09:16:28.378Z] Ignoring unsupported arg: auto_download {"metadata":{"emulator":{"name":"dataconnect"},"message":"Ignoring unsupported arg: auto_download"}}
[debug] [2026-01-22T09:16:28.378Z] Ignoring unsupported arg: port {"metadata":{"emulator":{"name":"dataconnect"},"message":"Ignoring unsupported arg: port"}}
[debug] [2026-01-22T09:16:28.378Z] Starting Data Connect Emulator with command {"binary":"/Users/rayandouagi/.cache/firebase/emulators/dataconnect-emulator-3.0.2","args":["--logtostderr","-v=2","dev","--listen=localhost:50001","--config_dir=/Users/rayandouagi/Documents/RedHarissaFinal/dataconnect","--enable_output_schema_extensions=true","--enable_output_generated_sdk=true"],"optionalArgs":["listen","config_dir","enable_output_schema_extensions","enable_output_generated_sdk"],"joinArgs":true,"shell":false,"port":9399} {"metadata":{"emulator":{"name":"dataconnect"},"message":"Starting Data Connect Emulator with command {\"binary\":\"/Users/rayandouagi/.cache/firebase/emulators/dataconnect-emulator-3.0.2\",\"args\":[\"--logtostderr\",\"-v=2\",\"dev\",\"--listen=localhost:50001\",\"--config_dir=/Users/rayandouagi/Documents/RedHarissaFinal/dataconnect\",\"--enable_output_schema_extensions=true\",\"--enable_output_generated_sdk=true\"],\"optionalArgs\":[\"listen\",\"config_dir\",\"enable_output_schema_extensions\",\"enable_output_generated_sdk\"],\"joinArgs\":true,\"shell\":false,\"port\":9399}"}}
[info] i  dataconnect: Data Connect Emulator logging to dataconnect-debug.log {"metadata":{"emulator":{"name":"dataconnect"},"message":"Data Connect Emulator logging to dataconnect-debug.log"}}
[debug] [2026-01-22T09:16:28.447Z] I0122 13:16:28.391326   99004 load.go:31] Reloading schema and connectors...
I0122 13:16:28.415950   99004 control.go:100] [/emulator/red-harissa 67c8] UpdateResources(): done
Main schema: sources: schema/schema.gql [1992B] 
Connector "example": sources: example/mutations.gql [1243B] example/queries.gql [1801B] 
I0122 13:16:28.442079   99004 collector.go:107] schema extensions wrote into "/Users/rayandouagi/Documents/RedHarissaFinal/dataconnect/.dataconnect/schema"
Generated sources: main/input.gql [28173B] main/relation.gql [14318B] main/query.gql [5099B] main/mutation.gql [13679B] prelude.gql [73281B] main/implicit.gql [1261B] 
I0122 13:16:28.443466   99004 load.go:109] Finished reloading
I0122 13:16:28.447054   99004 dev.go:104] Listening on address (HTTP + gRPC): 127.0.0.1:50001
 {"metadata":{"emulator":{"name":"dataconnect"},"message":"I0122 13:16:28.391326   99004 load.go:31] Reloading schema and connectors...\nI0122 13:16:28.415950   99004 control.go:100] [/emulator/red-harissa 67c8] UpdateResources(): done\nMain schema: sources: schema/schema.gql [1992B] \nConnector \"example\": sources: example/mutations.gql [1243B] example/queries.gql [1801B] \nI0122 13:16:28.442079   99004 collector.go:107] schema extensions wrote into \"/Users/rayandouagi/Documents/RedHarissaFinal/dataconnect/.dataconnect/schema\"\nGenerated sources: main/input.gql [28173B] main/relation.gql [14318B] main/query.gql [5099B] main/mutation.gql [13679B] prelude.gql [73281B] main/implicit.gql [1261B] \nI0122 13:16:28.443466   99004 load.go:109] Finished reloading\nI0122 13:16:28.447054   99004 dev.go:104] Listening on address (HTTP + gRPC): 127.0.0.1:50001\n"}}
[debug] [2026-01-22T09:16:28.952Z] <<< [apiv2][status] GET https://firebase.googleapis.com/v1beta1/projects 200
[debug] [2026-01-22T09:16:28.952Z] <<< [apiv2][body] GET https://firebase.googleapis.com/v1beta1/projects [omitted]
[debug] [2026-01-22T09:16:29.006Z] I0122 13:16:29.005916   99004 engine.go:178] [/emulator/red-harissa 67c8] ExecuteGraphqlRead IntrospectionQuery: succeeded. 
 {"metadata":{"emulator":{"name":"dataconnect"},"message":"I0122 13:16:29.005916   99004 engine.go:178] [/emulator/red-harissa 67c8] ExecuteGraphqlRead IntrospectionQuery: succeeded. \n"}}
[debug] [2026-01-22T18:12:44.672Z] [Firebase Plugin] Value of process.env.MONOSPACE_ENV: undefined
[debug] [2026-01-22T18:12:44.672Z] [Firebase Plugin] requireAuthWrapper
[debug] [2026-01-22T18:12:44.673Z] > command requires scopes: ["email","openid","https://www.googleapis.com/auth/cloudplatformprojects.readonly","https://www.googleapis.com/auth/firebase","https://www.googleapis.com/auth/cloud-platform"]
[debug] [2026-01-22T18:12:44.673Z] > authorizing via signed-in user (rayendouagi3@gmail.com)
[debug] [2026-01-22T18:12:44.673Z] Checked if tokens are valid: false, expires at: 1769076979033
[debug] [2026-01-22T18:12:44.673Z] Checked if tokens are valid: false, expires at: 1769076979033
[debug] [2026-01-22T18:12:44.673Z] > refreshing access token with scopes: []
[debug] [2026-01-22T18:12:44.674Z] >>> [apiv2][query] POST https://www.googleapis.com/oauth2/v3/token [none]
[debug] [2026-01-22T18:12:44.674Z] >>> [apiv2][body] POST https://www.googleapis.com/oauth2/v3/token [omitted]
[debug] [2026-01-22T18:12:44.676Z] [Firebase Plugin] Value of process.env.MONOSPACE_ENV: undefined
[debug] [2026-01-22T18:12:44.676Z] [Firebase Plugin] requireAuthWrapper
[debug] [2026-01-22T18:12:44.676Z] > command requires scopes: ["email","openid","https://www.googleapis.com/auth/cloudplatformprojects.readonly","https://www.googleapis.com/auth/firebase","https://www.googleapis.com/auth/cloud-platform"]
[debug] [2026-01-22T18:12:44.676Z] > authorizing via signed-in user (rayendouagi3@gmail.com)
[debug] [2026-01-22T18:12:44.676Z] Checked if tokens are valid: false, expires at: 1769076979033
[debug] [2026-01-22T18:12:44.676Z] Checked if tokens are valid: false, expires at: 1769076979033
[debug] [2026-01-22T18:12:44.676Z] > refreshing access token with scopes: []
[debug] [2026-01-22T18:12:44.676Z] >>> [apiv2][query] POST https://www.googleapis.com/oauth2/v3/token [none]
[debug] [2026-01-22T18:12:44.677Z] >>> [apiv2][body] POST https://www.googleapis.com/oauth2/v3/token [omitted]
[debug] [2026-01-22T18:12:45.030Z] <<< [apiv2][status] POST https://www.googleapis.com/oauth2/v3/token 200
[debug] [2026-01-22T18:12:45.030Z] <<< [apiv2][body] POST https://www.googleapis.com/oauth2/v3/token [omitted]
[debug] [2026-01-22T18:12:45.046Z] [Firebase Plugin] User found:  rayendouagi3@gmail.com
[info] [Firebase Plugin] (Core:Project) New user detected, fetching projects
[debug] [2026-01-22T18:12:45.047Z] Checked if tokens are valid: true, expires at: 1769109164030
[debug] [2026-01-22T18:12:45.048Z] >>> [apiv2][query] GET https://firebase.googleapis.com/v1beta1/projects pageSize=1000
[debug] [2026-01-22T18:12:45.057Z] <<< [apiv2][status] POST https://www.googleapis.com/oauth2/v3/token 200
[debug] [2026-01-22T18:12:45.057Z] <<< [apiv2][body] POST https://www.googleapis.com/oauth2/v3/token [omitted]
[debug] [2026-01-22T18:12:45.066Z] [Firebase Plugin] User found:  rayendouagi3@gmail.com
[info] [Firebase Plugin] (Core:Project) New user detected, fetching projects
[debug] [2026-01-22T18:12:45.066Z] Checked if tokens are valid: true, expires at: 1769109164057
[debug] [2026-01-22T18:12:45.067Z] >>> [apiv2][query] GET https://firebase.googleapis.com/v1beta1/projects pageSize=1000
[debug] [2026-01-22T18:12:45.720Z] <<< [apiv2][status] GET https://firebase.googleapis.com/v1beta1/projects 200
[debug] [2026-01-22T18:12:45.721Z] <<< [apiv2][body] GET https://firebase.googleapis.com/v1beta1/projects [omitted]
[debug] [2026-01-22T18:12:45.745Z] <<< [apiv2][status] GET https://firebase.googleapis.com/v1beta1/projects 200
[debug] [2026-01-22T18:12:45.746Z] <<< [apiv2][body] GET https://firebase.googleapis.com/v1beta1/projects [omitted]
